{"/Users/priyankakoneru/HR/adidas-related-info/client/index.jsx": {"path":"/Users/priyankakoneru/HR/adidas-related-info/client/index.jsx","statementMap":{"0":{"start":{"line":7,"column":0},"end":{"line":7,"column":64}}},"fnMap":{},"branchMap":{},"s":{"0":0},"f":{},"b":{}}
,"/Users/priyankakoneru/HR/adidas-related-info/client/components/app.jsx": {"path":"/Users/priyankakoneru/HR/adidas-related-info/client/components/app.jsx","statementMap":{"0":{"start":{"line":10,"column":2},"end":{"line":10,"column":15}},"1":{"start":{"line":12,"column":2},"end":{"line":12,"column":18}},"2":{"start":{"line":16,"column":2},"end":{"line":21,"column":4}},"3":{"start":{"line":25,"column":18},"end":{"line":30,"column":1}}},"fnMap":{"0":{"name":"(anonymous_0)","decl":{"start":{"line":9,"column":1},"end":{"line":9,"column":2}},"loc":{"start":{"line":9,"column":19},"end":{"line":13,"column":2}},"line":9},"1":{"name":"(anonymous_1)","decl":{"start":{"line":15,"column":1},"end":{"line":15,"column":2}},"loc":{"start":{"line":15,"column":9},"end":{"line":22,"column":2}},"line":15}},"branchMap":{},"s":{"0":0,"1":0,"2":0,"3":0},"f":{"0":0,"1":0},"b":{}}
,"/Users/priyankakoneru/HR/adidas-related-info/client/components/ctl.jsx": {"path":"/Users/priyankakoneru/HR/adidas-related-info/client/components/ctl.jsx","statementMap":{"0":{"start":{"line":4,"column":20},"end":{"line":8,"column":1}},"1":{"start":{"line":12,"column":2},"end":{"line":12,"column":15}},"2":{"start":{"line":14,"column":2},"end":{"line":17,"column":4}},"3":{"start":{"line":21,"column":2},"end":{"line":21,"column":36}},"4":{"start":{"line":25,"column":23},"end":{"line":25,"column":151}},"5":{"start":{"line":27,"column":2},"end":{"line":35,"column":4}},"6":{"start":{"line":39,"column":21},"end":{"line":75,"column":1}},"7":{"start":{"line":79,"column":2},"end":{"line":79,"column":15}},"8":{"start":{"line":81,"column":2},"end":{"line":81,"column":18}},"9":{"start":{"line":85,"column":14},"end":{"line":85,"column":15}},"10":{"start":{"line":86,"column":14},"end":{"line":86,"column":182}},"11":{"start":{"line":86,"column":44},"end":{"line":86,"column":180}},"12":{"start":{"line":88,"column":2},"end":{"line":92,"column":3}},"13":{"start":{"line":96,"column":20},"end":{"line":103,"column":1}},"14":{"start":{"line":97,"column":1},"end":{"line":102,"column":7}},"15":{"start":{"line":97,"column":42},"end":{"line":97,"column":60}},"16":{"start":{"line":105,"column":26},"end":{"line":122,"column":1}},"17":{"start":{"line":111,"column":14},"end":{"line":111,"column":86}},"18":{"start":{"line":126,"column":2},"end":{"line":126,"column":15}},"19":{"start":{"line":128,"column":2},"end":{"line":131,"column":4}},"20":{"start":{"line":135,"column":2},"end":{"line":139,"column":3}},"21":{"start":{"line":136,"column":3},"end":{"line":136,"column":42}},"22":{"start":{"line":138,"column":3},"end":{"line":138,"column":41}},"23":{"start":{"line":143,"column":14},"end":{"line":143,"column":44}},"24":{"start":{"line":144,"column":10},"end":{"line":144,"column":69}},"25":{"start":{"line":145,"column":2},"end":{"line":145,"column":63}},"26":{"start":{"line":149,"column":16},"end":{"line":149,"column":34}},"27":{"start":{"line":150,"column":17},"end":{"line":150,"column":59}},"28":{"start":{"line":152,"column":2},"end":{"line":172,"column":4}},"29":{"start":{"line":176,"column":30},"end":{"line":230,"column":1}},"30":{"start":{"line":232,"column":23},"end":{"line":240,"column":1}},"31":{"start":{"line":233,"column":1},"end":{"line":239,"column":7}},"32":{"start":{"line":242,"column":29},"end":{"line":265,"column":1}},"33":{"start":{"line":244,"column":31},"end":{"line":244,"column":65}},"34":{"start":{"line":251,"column":24},"end":{"line":251,"column":65}},"35":{"start":{"line":267,"column":21},"end":{"line":296,"column":1}},"36":{"start":{"line":268,"column":13},"end":{"line":268,"column":14}},"37":{"start":{"line":269,"column":13},"end":{"line":274,"column":4}},"38":{"start":{"line":270,"column":17},"end":{"line":270,"column":98}},"39":{"start":{"line":271,"column":2},"end":{"line":273,"column":4}},"40":{"start":{"line":276,"column":17},"end":{"line":280,"column":5}},"41":{"start":{"line":282,"column":13},"end":{"line":282,"column":73}},"42":{"start":{"line":284,"column":1},"end":{"line":295,"column":3}},"43":{"start":{"line":298,"column":27},"end":{"line":366,"column":1}},"44":{"start":{"line":364,"column":16},"end":{"line":364,"column":68}}},"fnMap":{"0":{"name":"(anonymous_0)","decl":{"start":{"line":11,"column":1},"end":{"line":11,"column":2}},"loc":{"start":{"line":11,"column":19},"end":{"line":18,"column":2}},"line":11},"1":{"name":"(anonymous_1)","decl":{"start":{"line":20,"column":1},"end":{"line":20,"column":2}},"loc":{"start":{"line":20,"column":14},"end":{"line":22,"column":2}},"line":20},"2":{"name":"(anonymous_2)","decl":{"start":{"line":24,"column":1},"end":{"line":24,"column":2}},"loc":{"start":{"line":24,"column":9},"end":{"line":36,"column":2}},"line":24},"3":{"name":"(anonymous_3)","decl":{"start":{"line":78,"column":1},"end":{"line":78,"column":2}},"loc":{"start":{"line":78,"column":19},"end":{"line":82,"column":2}},"line":78},"4":{"name":"(anonymous_4)","decl":{"start":{"line":84,"column":1},"end":{"line":84,"column":2}},"loc":{"start":{"line":84,"column":9},"end":{"line":93,"column":2}},"line":84},"5":{"name":"(anonymous_5)","decl":{"start":{"line":86,"column":38},"end":{"line":86,"column":39}},"loc":{"start":{"line":86,"column":44},"end":{"line":86,"column":180}},"line":86},"6":{"name":"(anonymous_6)","decl":{"start":{"line":96,"column":20},"end":{"line":96,"column":21}},"loc":{"start":{"line":97,"column":1},"end":{"line":102,"column":7}},"line":97},"7":{"name":"(anonymous_7)","decl":{"start":{"line":97,"column":37},"end":{"line":97,"column":38}},"loc":{"start":{"line":97,"column":41},"end":{"line":97,"column":61}},"line":97},"8":{"name":"(anonymous_8)","decl":{"start":{"line":111,"column":5},"end":{"line":111,"column":6}},"loc":{"start":{"line":111,"column":14},"end":{"line":111,"column":86}},"line":111},"9":{"name":"(anonymous_9)","decl":{"start":{"line":125,"column":1},"end":{"line":125,"column":2}},"loc":{"start":{"line":125,"column":19},"end":{"line":132,"column":2}},"line":125},"10":{"name":"(anonymous_10)","decl":{"start":{"line":134,"column":1},"end":{"line":134,"column":2}},"loc":{"start":{"line":134,"column":20},"end":{"line":140,"column":2}},"line":134},"11":{"name":"(anonymous_11)","decl":{"start":{"line":142,"column":1},"end":{"line":142,"column":2}},"loc":{"start":{"line":142,"column":14},"end":{"line":146,"column":2}},"line":142},"12":{"name":"(anonymous_12)","decl":{"start":{"line":148,"column":1},"end":{"line":148,"column":2}},"loc":{"start":{"line":148,"column":9},"end":{"line":173,"column":2}},"line":148},"13":{"name":"(anonymous_13)","decl":{"start":{"line":232,"column":23},"end":{"line":232,"column":24}},"loc":{"start":{"line":233,"column":1},"end":{"line":239,"column":7}},"line":233},"14":{"name":"(anonymous_14)","decl":{"start":{"line":244,"column":22},"end":{"line":244,"column":23}},"loc":{"start":{"line":244,"column":31},"end":{"line":244,"column":65}},"line":244},"15":{"name":"(anonymous_15)","decl":{"start":{"line":251,"column":15},"end":{"line":251,"column":16}},"loc":{"start":{"line":251,"column":24},"end":{"line":251,"column":65}},"line":251},"16":{"name":"(anonymous_16)","decl":{"start":{"line":267,"column":21},"end":{"line":267,"column":22}},"loc":{"start":{"line":267,"column":105},"end":{"line":296,"column":1}},"line":267},"17":{"name":"(anonymous_17)","decl":{"start":{"line":269,"column":24},"end":{"line":269,"column":25}},"loc":{"start":{"line":269,"column":29},"end":{"line":274,"column":2}},"line":269},"18":{"name":"(anonymous_18)","decl":{"start":{"line":364,"column":7},"end":{"line":364,"column":8}},"loc":{"start":{"line":364,"column":16},"end":{"line":364,"column":68}},"line":364}},"branchMap":{"0":{"loc":{"start":{"line":25,"column":23},"end":{"line":25,"column":151}},"type":"cond-expr","locations":[{"start":{"line":25,"column":65},"end":{"line":25,"column":145}},{"start":{"line":25,"column":149},"end":{"line":25,"column":151}}],"line":25},"1":{"loc":{"start":{"line":111,"column":14},"end":{"line":111,"column":86}},"type":"cond-expr","locations":[{"start":{"line":111,"column":54},"end":{"line":111,"column":81}},{"start":{"line":111,"column":84},"end":{"line":111,"column":86}}],"line":111},"2":{"loc":{"start":{"line":135,"column":2},"end":{"line":139,"column":3}},"type":"if","locations":[{"start":{"line":135,"column":2},"end":{"line":139,"column":3}},{"start":{"line":135,"column":2},"end":{"line":139,"column":3}}],"line":135},"3":{"loc":{"start":{"line":144,"column":10},"end":{"line":144,"column":69}},"type":"cond-expr","locations":[{"start":{"line":144,"column":52},"end":{"line":144,"column":61}},{"start":{"line":144,"column":64},"end":{"line":144,"column":69}}],"line":144},"4":{"loc":{"start":{"line":244,"column":31},"end":{"line":244,"column":65}},"type":"cond-expr","locations":[{"start":{"line":244,"column":47},"end":{"line":244,"column":53}},{"start":{"line":244,"column":56},"end":{"line":244,"column":65}}],"line":244},"5":{"loc":{"start":{"line":251,"column":24},"end":{"line":251,"column":65}},"type":"cond-expr","locations":[{"start":{"line":251,"column":40},"end":{"line":251,"column":49}},{"start":{"line":251,"column":52},"end":{"line":251,"column":65}}],"line":251},"6":{"loc":{"start":{"line":270,"column":17},"end":{"line":270,"column":98}},"type":"cond-expr","locations":[{"start":{"line":270,"column":59},"end":{"line":270,"column":82}},{"start":{"line":270,"column":84},"end":{"line":270,"column":98}}],"line":270},"7":{"loc":{"start":{"line":276,"column":17},"end":{"line":280,"column":5}},"type":"binary-expr","locations":[{"start":{"line":276,"column":17},"end":{"line":276,"column":31}},{"start":{"line":277,"column":5},"end":{"line":279,"column":11}}],"line":276},"8":{"loc":{"start":{"line":282,"column":13},"end":{"line":282,"column":73}},"type":"cond-expr","locations":[{"start":{"line":282,"column":33},"end":{"line":282,"column":57}},{"start":{"line":282,"column":60},"end":{"line":282,"column":73}}],"line":282},"9":{"loc":{"start":{"line":364,"column":16},"end":{"line":364,"column":68}},"type":"cond-expr","locations":[{"start":{"line":364,"column":39},"end":{"line":364,"column":63}},{"start":{"line":364,"column":66},"end":{"line":364,"column":68}}],"line":364}},"s":{"0":1,"1":1,"2":1,"3":0,"4":1,"5":1,"6":1,"7":1,"8":1,"9":1,"10":1,"11":3,"12":1,"13":1,"14":3,"15":0,"16":1,"17":3,"18":0,"19":0,"20":0,"21":0,"22":0,"23":0,"24":0,"25":0,"26":0,"27":0,"28":0,"29":1,"30":1,"31":0,"32":1,"33":0,"34":0,"35":1,"36":0,"37":0,"38":0,"39":0,"40":0,"41":0,"42":0,"43":1,"44":0},"f":{"0":1,"1":0,"2":1,"3":1,"4":1,"5":3,"6":3,"7":0,"8":3,"9":0,"10":0,"11":0,"12":0,"13":0,"14":0,"15":0,"16":0,"17":0,"18":0},"b":{"0":[0,1],"1":[0,3],"2":[0,0],"3":[0,0],"4":[0,0],"5":[0,0],"6":[0,0],"7":[0,0],"8":[0,0],"9":[0,0]},"_coverageSchema":"1a1c01bbd47fc00a2c39e90264f33305004495a9","hash":"59b97429e1842764dc367160e62063a82ad6c8d4"}
,"/Users/priyankakoneru/HR/adidas-related-info/client/components/detail.jsx": {"path":"/Users/priyankakoneru/HR/adidas-related-info/client/components/detail.jsx","statementMap":{"0":{"start":{"line":5,"column":2},"end":{"line":5,"column":15}},"1":{"start":{"line":7,"column":2},"end":{"line":7,"column":18}},"2":{"start":{"line":11,"column":2},"end":{"line":11,"column":37}}},"fnMap":{"0":{"name":"(anonymous_0)","decl":{"start":{"line":4,"column":1},"end":{"line":4,"column":2}},"loc":{"start":{"line":4,"column":19},"end":{"line":8,"column":2}},"line":4},"1":{"name":"(anonymous_1)","decl":{"start":{"line":10,"column":1},"end":{"line":10,"column":2}},"loc":{"start":{"line":10,"column":9},"end":{"line":12,"column":2}},"line":10}},"branchMap":{},"s":{"0":0,"1":0,"2":0},"f":{"0":0,"1":0},"b":{}}
,"/Users/priyankakoneru/HR/adidas-related-info/client/components/feedback.jsx": {"path":"/Users/priyankakoneru/HR/adidas-related-info/client/components/feedback.jsx","statementMap":{"0":{"start":{"line":5,"column":2},"end":{"line":5,"column":15}},"1":{"start":{"line":7,"column":2},"end":{"line":7,"column":18}},"2":{"start":{"line":11,"column":2},"end":{"line":11,"column":31}}},"fnMap":{"0":{"name":"(anonymous_0)","decl":{"start":{"line":4,"column":1},"end":{"line":4,"column":2}},"loc":{"start":{"line":4,"column":19},"end":{"line":8,"column":2}},"line":4},"1":{"name":"(anonymous_1)","decl":{"start":{"line":10,"column":1},"end":{"line":10,"column":2}},"loc":{"start":{"line":10,"column":9},"end":{"line":12,"column":2}},"line":10}},"branchMap":{},"s":{"0":0,"1":0,"2":0},"f":{"0":0,"1":0},"b":{}}
,"/Users/priyankakoneru/HR/adidas-related-info/client/components/layout.jsx": {"path":"/Users/priyankakoneru/HR/adidas-related-info/client/components/layout.jsx","statementMap":{"0":{"start":{"line":7,"column":2},"end":{"line":7,"column":15}},"1":{"start":{"line":9,"column":2},"end":{"line":9,"column":18}},"2":{"start":{"line":13,"column":2},"end":{"line":32,"column":3}},"3":{"start":{"line":36,"column":21},"end":{"line":87,"column":1}}},"fnMap":{"0":{"name":"(anonymous_0)","decl":{"start":{"line":6,"column":1},"end":{"line":6,"column":2}},"loc":{"start":{"line":6,"column":19},"end":{"line":10,"column":2}},"line":6},"1":{"name":"(anonymous_1)","decl":{"start":{"line":12,"column":1},"end":{"line":12,"column":2}},"loc":{"start":{"line":12,"column":9},"end":{"line":33,"column":2}},"line":12}},"branchMap":{},"s":{"0":0,"1":0,"2":0,"3":0},"f":{"0":0,"1":0},"b":{}}
,"/Users/priyankakoneru/HR/adidas-related-info/client/components/ymal.jsx": {"path":"/Users/priyankakoneru/HR/adidas-related-info/client/components/ymal.jsx","statementMap":{"0":{"start":{"line":7,"column":2},"end":{"line":7,"column":15}},"1":{"start":{"line":9,"column":2},"end":{"line":11,"column":4}},"2":{"start":{"line":15,"column":2},"end":{"line":20,"column":4}},"3":{"start":{"line":24,"column":25},"end":{"line":42,"column":1}},"4":{"start":{"line":46,"column":2},"end":{"line":46,"column":15}},"5":{"start":{"line":48,"column":2},"end":{"line":50,"column":4}},"6":{"start":{"line":52,"column":2},"end":{"line":52,"column":37}},"7":{"start":{"line":53,"column":2},"end":{"line":53,"column":23}},"8":{"start":{"line":54,"column":2},"end":{"line":54,"column":47}},"9":{"start":{"line":56,"column":2},"end":{"line":60,"column":3}},"10":{"start":{"line":57,"column":12},"end":{"line":57,"column":34}},"11":{"start":{"line":58,"column":11},"end":{"line":58,"column":25}},"12":{"start":{"line":59,"column":3},"end":{"line":59,"column":60}},"13":{"start":{"line":62,"column":2},"end":{"line":71,"column":3}},"14":{"start":{"line":63,"column":22},"end":{"line":63,"column":67}},"15":{"start":{"line":64,"column":21},"end":{"line":64,"column":47}},"16":{"start":{"line":66,"column":3},"end":{"line":68,"column":4}},"17":{"start":{"line":67,"column":4},"end":{"line":67,"column":20}},"18":{"start":{"line":70,"column":3},"end":{"line":70,"column":34}},"19":{"start":{"line":73,"column":2},"end":{"line":82,"column":3}},"20":{"start":{"line":74,"column":18},"end":{"line":74,"column":67}},"21":{"start":{"line":75,"column":21},"end":{"line":75,"column":47}},"22":{"start":{"line":77,"column":3},"end":{"line":79,"column":4}},"23":{"start":{"line":78,"column":4},"end":{"line":78,"column":27}},"24":{"start":{"line":81,"column":3},"end":{"line":81,"column":34}},"25":{"start":{"line":84,"column":2},"end":{"line":87,"column":3}},"26":{"start":{"line":85,"column":14},"end":{"line":85,"column":51}},"27":{"start":{"line":86,"column":3},"end":{"line":86,"column":27}},"28":{"start":{"line":89,"column":2},"end":{"line":98,"column":3}},"29":{"start":{"line":90,"column":12},"end":{"line":90,"column":34}},"30":{"start":{"line":91,"column":11},"end":{"line":91,"column":25}},"31":{"start":{"line":92,"column":15},"end":{"line":92,"column":35}},"32":{"start":{"line":95,"column":21},"end":{"line":95,"column":59}},"33":{"start":{"line":97,"column":3},"end":{"line":97,"column":32}},"34":{"start":{"line":102,"column":14},"end":{"line":102,"column":15}},"35":{"start":{"line":103,"column":19},"end":{"line":103,"column":21}},"36":{"start":{"line":104,"column":21},"end":{"line":104,"column":23}},"37":{"start":{"line":106,"column":2},"end":{"line":122,"column":5}},"38":{"start":{"line":107,"column":19},"end":{"line":107,"column":24}},"39":{"start":{"line":108,"column":3},"end":{"line":118,"column":4}},"40":{"start":{"line":109,"column":25},"end":{"line":109,"column":87}},"41":{"start":{"line":110,"column":20},"end":{"line":110,"column":36}},"42":{"start":{"line":111,"column":4},"end":{"line":112,"column":34}},"43":{"start":{"line":112,"column":5},"end":{"line":112,"column":34}},"44":{"start":{"line":114,"column":4},"end":{"line":116,"column":6}},"45":{"start":{"line":117,"column":4},"end":{"line":117,"column":21}},"46":{"start":{"line":120,"column":3},"end":{"line":120,"column":90}},"47":{"start":{"line":121,"column":3},"end":{"line":121,"column":11}},"48":{"start":{"line":124,"column":2},"end":{"line":147,"column":4}},"49":{"start":{"line":151,"column":23},"end":{"line":232,"column":1}},"50":{"start":{"line":236,"column":2},"end":{"line":236,"column":15}},"51":{"start":{"line":238,"column":2},"end":{"line":238,"column":18}},"52":{"start":{"line":242,"column":16},"end":{"line":242,"column":34}},"53":{"start":{"line":243,"column":13},"end":{"line":243,"column":70}},"54":{"start":{"line":245,"column":2},"end":{"line":261,"column":4}},"55":{"start":{"line":265,"column":26},"end":{"line":321,"column":1}},"56":{"start":{"line":274,"column":11},"end":{"line":274,"column":63}}},"fnMap":{"0":{"name":"(anonymous_0)","decl":{"start":{"line":6,"column":1},"end":{"line":6,"column":2}},"loc":{"start":{"line":6,"column":19},"end":{"line":12,"column":2}},"line":6},"1":{"name":"(anonymous_1)","decl":{"start":{"line":14,"column":1},"end":{"line":14,"column":2}},"loc":{"start":{"line":14,"column":9},"end":{"line":21,"column":2}},"line":14},"2":{"name":"(anonymous_2)","decl":{"start":{"line":45,"column":1},"end":{"line":45,"column":2}},"loc":{"start":{"line":45,"column":19},"end":{"line":99,"column":2}},"line":45},"3":{"name":"(anonymous_3)","decl":{"start":{"line":56,"column":22},"end":{"line":56,"column":23}},"loc":{"start":{"line":56,"column":39},"end":{"line":60,"column":3}},"line":56},"4":{"name":"(anonymous_4)","decl":{"start":{"line":62,"column":19},"end":{"line":62,"column":20}},"loc":{"start":{"line":62,"column":25},"end":{"line":71,"column":3}},"line":62},"5":{"name":"(anonymous_5)","decl":{"start":{"line":73,"column":18},"end":{"line":73,"column":19}},"loc":{"start":{"line":73,"column":24},"end":{"line":82,"column":3}},"line":73},"6":{"name":"(anonymous_6)","decl":{"start":{"line":84,"column":16},"end":{"line":84,"column":17}},"loc":{"start":{"line":84,"column":23},"end":{"line":87,"column":3}},"line":84},"7":{"name":"(anonymous_7)","decl":{"start":{"line":89,"column":24},"end":{"line":89,"column":25}},"loc":{"start":{"line":89,"column":30},"end":{"line":98,"column":3}},"line":89},"8":{"name":"(anonymous_8)","decl":{"start":{"line":101,"column":1},"end":{"line":101,"column":2}},"loc":{"start":{"line":101,"column":9},"end":{"line":148,"column":2}},"line":101},"9":{"name":"(anonymous_9)","decl":{"start":{"line":106,"column":31},"end":{"line":106,"column":32}},"loc":{"start":{"line":106,"column":36},"end":{"line":122,"column":3}},"line":106},"10":{"name":"(anonymous_10)","decl":{"start":{"line":235,"column":1},"end":{"line":235,"column":2}},"loc":{"start":{"line":235,"column":19},"end":{"line":239,"column":2}},"line":235},"11":{"name":"(anonymous_11)","decl":{"start":{"line":241,"column":1},"end":{"line":241,"column":2}},"loc":{"start":{"line":241,"column":9},"end":{"line":262,"column":2}},"line":241},"12":{"name":"(anonymous_12)","decl":{"start":{"line":274,"column":2},"end":{"line":274,"column":3}},"loc":{"start":{"line":274,"column":11},"end":{"line":274,"column":63}},"line":274}},"branchMap":{"0":{"loc":{"start":{"line":66,"column":3},"end":{"line":68,"column":4}},"type":"if","locations":[{"start":{"line":66,"column":3},"end":{"line":68,"column":4}},{"start":{"line":66,"column":3},"end":{"line":68,"column":4}}],"line":66},"1":{"loc":{"start":{"line":77,"column":3},"end":{"line":79,"column":4}},"type":"if","locations":[{"start":{"line":77,"column":3},"end":{"line":79,"column":4}},{"start":{"line":77,"column":3},"end":{"line":79,"column":4}}],"line":77},"2":{"loc":{"start":{"line":108,"column":3},"end":{"line":118,"column":4}},"type":"if","locations":[{"start":{"line":108,"column":3},"end":{"line":118,"column":4}},{"start":{"line":108,"column":3},"end":{"line":118,"column":4}}],"line":108},"3":{"loc":{"start":{"line":111,"column":4},"end":{"line":112,"column":34}},"type":"if","locations":[{"start":{"line":111,"column":4},"end":{"line":112,"column":34}},{"start":{"line":111,"column":4},"end":{"line":112,"column":34}}],"line":111},"4":{"loc":{"start":{"line":243,"column":13},"end":{"line":243,"column":70}},"type":"cond-expr","locations":[{"start":{"line":243,"column":29},"end":{"line":243,"column":47}},{"start":{"line":243,"column":50},"end":{"line":243,"column":70}}],"line":243},"5":{"loc":{"start":{"line":274,"column":11},"end":{"line":274,"column":63}},"type":"cond-expr","locations":[{"start":{"line":274,"column":31},"end":{"line":274,"column":58}},{"start":{"line":274,"column":61},"end":{"line":274,"column":63}}],"line":274}},"s":{"0":1,"1":1,"2":1,"3":1,"4":5,"5":5,"6":5,"7":5,"8":5,"9":5,"10":0,"11":0,"12":0,"13":5,"14":0,"15":0,"16":0,"17":0,"18":0,"19":5,"20":0,"21":0,"22":0,"23":0,"24":0,"25":5,"26":0,"27":0,"28":5,"29":0,"30":0,"31":0,"32":0,"33":0,"34":5,"35":5,"36":5,"37":5,"38":51,"39":51,"40":14,"41":14,"42":14,"43":5,"44":14,"45":14,"46":51,"47":51,"48":5,"49":1,"50":52,"51":52,"52":52,"53":52,"54":52,"55":1,"56":52},"f":{"0":1,"1":1,"2":5,"3":0,"4":0,"5":0,"6":0,"7":0,"8":5,"9":51,"10":52,"11":52,"12":52},"b":{"0":[0,0],"1":[0,0],"2":[14,37],"3":[5,9],"4":[10,42],"5":[14,38]},"_coverageSchema":"1a1c01bbd47fc00a2c39e90264f33305004495a9","hash":"cdb5b51382dfa815a81abc6d6771a3a8df8c5fdb"}
,"/Users/priyankakoneru/HR/adidas-related-info/client/components/__test__/mockdata.js": {"path":"/Users/priyankakoneru/HR/adidas-related-info/client/components/__test__/mockdata.js","statementMap":{"0":{"start":{"line":1,"column":24},"end":{"line":17,"column":1}},"1":{"start":{"line":19,"column":26},"end":{"line":23,"column":1}}},"fnMap":{},"branchMap":{},"s":{"0":1,"1":1},"f":{},"b":{},"_coverageSchema":"1a1c01bbd47fc00a2c39e90264f33305004495a9","hash":"eb7cff451438a4b388fcb88a2cb4788304ea3b84"}
}
