TN:
SF:client/index.jsx
FNF:0
FNH:0
DA:7,0
LF:1
LH:0
BRF:0
BRH:0
end_of_record
TN:
SF:client/components/app.jsx
FN:9,(anonymous_0)
FN:15,(anonymous_1)
FNF:2
FNH:0
FNDA:0,(anonymous_0)
FNDA:0,(anonymous_1)
DA:10,0
DA:12,0
DA:16,0
DA:25,0
LF:4
LH:0
BRF:0
BRH:0
end_of_record
TN:
SF:client/components/ctl.jsx
FN:11,(anonymous_0)
FN:20,(anonymous_1)
FN:24,(anonymous_2)
FN:78,(anonymous_3)
FN:84,(anonymous_4)
FN:86,(anonymous_5)
FN:96,(anonymous_6)
FN:97,(anonymous_7)
FN:111,(anonymous_8)
FN:125,(anonymous_9)
FN:134,(anonymous_10)
FN:142,(anonymous_11)
FN:148,(anonymous_12)
FN:232,(anonymous_13)
FN:244,(anonymous_14)
FN:251,(anonymous_15)
FN:267,(anonymous_16)
FN:269,(anonymous_17)
FN:364,(anonymous_18)
FNF:19
FNH:7
FNDA:1,(anonymous_0)
FNDA:0,(anonymous_1)
FNDA:1,(anonymous_2)
FNDA:1,(anonymous_3)
FNDA:1,(anonymous_4)
FNDA:3,(anonymous_5)
FNDA:3,(anonymous_6)
FNDA:0,(anonymous_7)
FNDA:3,(anonymous_8)
FNDA:0,(anonymous_9)
FNDA:0,(anonymous_10)
FNDA:0,(anonymous_11)
FNDA:0,(anonymous_12)
FNDA:0,(anonymous_13)
FNDA:0,(anonymous_14)
FNDA:0,(anonymous_15)
FNDA:0,(anonymous_16)
FNDA:0,(anonymous_17)
FNDA:0,(anonymous_18)
DA:4,1
DA:12,1
DA:14,1
DA:21,0
DA:25,1
DA:27,1
DA:39,1
DA:79,1
DA:81,1
DA:85,1
DA:86,3
DA:88,1
DA:96,1
DA:97,3
DA:105,1
DA:111,3
DA:126,0
DA:128,0
DA:135,0
DA:136,0
DA:138,0
DA:143,0
DA:144,0
DA:145,0
DA:149,0
DA:150,0
DA:152,0
DA:176,1
DA:232,1
DA:233,0
DA:242,1
DA:244,0
DA:251,0
DA:267,1
DA:268,0
DA:269,0
DA:270,0
DA:271,0
DA:276,0
DA:282,0
DA:284,0
DA:298,1
DA:364,0
LF:43
LH:20
BRDA:25,0,0,0
BRDA:25,0,1,1
BRDA:111,1,0,0
BRDA:111,1,1,3
BRDA:135,2,0,0
BRDA:135,2,1,0
BRDA:144,3,0,0
BRDA:144,3,1,0
BRDA:244,4,0,0
BRDA:244,4,1,0
BRDA:251,5,0,0
BRDA:251,5,1,0
BRDA:270,6,0,0
BRDA:270,6,1,0
BRDA:276,7,0,0
BRDA:276,7,1,0
BRDA:282,8,0,0
BRDA:282,8,1,0
BRDA:364,9,0,0
BRDA:364,9,1,0
BRF:20
BRH:2
end_of_record
TN:
SF:client/components/detail.jsx
FN:4,(anonymous_0)
FN:10,(anonymous_1)
FNF:2
FNH:0
FNDA:0,(anonymous_0)
FNDA:0,(anonymous_1)
DA:5,0
DA:7,0
DA:11,0
LF:3
LH:0
BRF:0
BRH:0
end_of_record
TN:
SF:client/components/feedback.jsx
FN:4,(anonymous_0)
FN:10,(anonymous_1)
FNF:2
FNH:0
FNDA:0,(anonymous_0)
FNDA:0,(anonymous_1)
DA:5,0
DA:7,0
DA:11,0
LF:3
LH:0
BRF:0
BRH:0
end_of_record
TN:
SF:client/components/layout.jsx
FN:6,(anonymous_0)
FN:12,(anonymous_1)
FNF:2
FNH:0
FNDA:0,(anonymous_0)
FNDA:0,(anonymous_1)
DA:7,0
DA:9,0
DA:13,0
DA:36,0
LF:4
LH:0
BRF:0
BRH:0
end_of_record
TN:
SF:client/components/ymal.jsx
FN:6,(anonymous_0)
FN:14,(anonymous_1)
FN:45,(anonymous_2)
FN:56,(anonymous_3)
FN:62,(anonymous_4)
FN:73,(anonymous_5)
FN:84,(anonymous_6)
FN:89,(anonymous_7)
FN:101,(anonymous_8)
FN:106,(anonymous_9)
FN:235,(anonymous_10)
FN:241,(anonymous_11)
FN:274,(anonymous_12)
FNF:13
FNH:8
FNDA:1,(anonymous_0)
FNDA:1,(anonymous_1)
FNDA:5,(anonymous_2)
FNDA:0,(anonymous_3)
FNDA:0,(anonymous_4)
FNDA:0,(anonymous_5)
FNDA:0,(anonymous_6)
FNDA:0,(anonymous_7)
FNDA:5,(anonymous_8)
FNDA:51,(anonymous_9)
FNDA:52,(anonymous_10)
FNDA:52,(anonymous_11)
FNDA:52,(anonymous_12)
DA:7,1
DA:9,1
DA:15,1
DA:24,1
DA:46,5
DA:48,5
DA:52,5
DA:53,5
DA:54,5
DA:56,5
DA:57,0
DA:58,0
DA:59,0
DA:62,5
DA:63,0
DA:64,0
DA:66,0
DA:67,0
DA:70,0
DA:73,5
DA:74,0
DA:75,0
DA:77,0
DA:78,0
DA:81,0
DA:84,5
DA:85,0
DA:86,0
DA:89,5
DA:90,0
DA:91,0
DA:92,0
DA:95,0
DA:97,0
DA:102,5
DA:103,5
DA:104,5
DA:106,5
DA:107,51
DA:108,51
DA:109,14
DA:110,14
DA:111,14
DA:112,5
DA:114,14
DA:117,14
DA:120,51
DA:121,51
DA:124,5
DA:151,1
DA:236,52
DA:238,52
DA:242,52
DA:243,52
DA:245,52
DA:265,1
DA:274,52
LF:57
LH:37
BRDA:66,0,0,0
BRDA:66,0,1,0
BRDA:77,1,0,0
BRDA:77,1,1,0
BRDA:108,2,0,14
BRDA:108,2,1,37
BRDA:111,3,0,5
BRDA:111,3,1,9
BRDA:243,4,0,10
BRDA:243,4,1,42
BRDA:274,5,0,14
BRDA:274,5,1,38
BRF:12
BRH:8
end_of_record
TN:
SF:client/components/__test__/mockdata.js
FNF:0
FNH:0
DA:1,1
DA:19,1
LF:2
LH:2
BRF:0
BRH:0
end_of_record
